Using pre-set license
Built from '2020.2/staging' branch; Version is '2020.2.3f1 (8ff31bc5bf5b) revision 9433883'; Using compiler version '192528614'; Build Type 'Release'
OS: 'Windows 10 Enterprise; OS build 16299.192; Version 1709; 64bit' Language: 'ru' Physical Memory: 3970 MB
BatchMode: 1, IsHumanControllingUs: 0, StartBugReporterOnCrash: 0, Is64bit: 1, IsPro: 0

 COMMAND LINE ARGUMENTS:
D:\Unity\2020.2.3f1\Editor\Unity.exe
-adb2
-batchMode
-noUpm
-name
AssetImportWorker5
-projectPath
D:/Game_Projects/LuckyGamesTest
-logFile
Logs/AssetImportWorker5.log
-srvPort
50824
Successfully changed project path to: D:/Game_Projects/LuckyGamesTest
D:/Game_Projects/LuckyGamesTest
Using Asset Import Pipeline V2.
Refreshing native plugins compatible for Editor in 90.06 ms, found 0 plugins.
Preloading 0 native plugins for Editor in 0.00 ms.
Initialize engine version: 2020.2.3f1 (8ff31bc5bf5b)
[Subsystems] Discovering subsystems at path D:/Unity/2020.2.3f1/Editor/Data/Resources/UnitySubsystems
[Subsystems] Discovering subsystems at path D:/Game_Projects/LuckyGamesTest/Assets
GfxDevice: creating device client; threaded=0
Direct3D:
    Version:  Direct3D 11.0 [level 11.1]
    Renderer: Intel(R) HD Graphics 520 (ID=0x1921)
    Vendor:   
    VRAM:     1985 MB
    Driver:   23.20.16.4973
Initialize mono
Mono path[0] = 'D:/Unity/2020.2.3f1/Editor/Data/Managed'
Mono path[1] = 'D:/Unity/2020.2.3f1/Editor/Data/MonoBleedingEdge/lib/mono/unityjit'
Mono config path = 'D:/Unity/2020.2.3f1/Editor/Data/MonoBleedingEdge/etc'
Using monoOptions --debugger-agent=transport=dt_socket,embedding=1,server=y,suspend=n,address=127.0.0.1:56344
Begin MonoManager ReloadAssembly
Registering precompiled unity dll's ...
Register platform support module: D:/Unity/2020.2.3f1/Editor/Data/PlaybackEngines/WebGLSupport/UnityEditor.WebGL.Extensions.dll
Register platform support module: D:/Unity/2020.2.3f1/Editor/Data/PlaybackEngines/WindowsStandaloneSupport/UnityEditor.WindowsStandalone.Extensions.dll
Registered in 0.002581 seconds.
Native extension for WindowsStandalone target not found
Native extension for WebGL target not found
Refreshing native plugins compatible for Editor in 100.02 ms, found 0 plugins.
Preloading 0 native plugins for Editor in 0.00 ms.
Invoked RoslynAnalysisRunner static constructor.
RoslynAnalysisRunner will not be running.
RoslynAnalysisRunner has terminated.
Mono: successfully reloaded assembly
- Completed reload, in  9.518 seconds
Platform modules already initialized, skipping
Registering precompiled user dll's ...
Registered in 0.001717 seconds.
Begin MonoManager ReloadAssembly
Native extension for WindowsStandalone target not found
Native extension for WebGL target not found
Refreshing native plugins compatible for Editor in 160.58 ms, found 0 plugins.
Preloading 0 native plugins for Editor in 0.00 ms.
Invoked RoslynAnalysisRunner static constructor.
RoslynAnalysisRunner will not be running.
RoslynAnalysisRunner has terminated.
Mono: successfully reloaded assembly
- Completed reload, in  4.602 seconds
Platform modules already initialized, skipping
========================================================================
Worker process is ready to serve import requests
Shader 'Universal Render Pipeline/Particles/Lit': fallback shader 'Universal Render Pipeline/Particles/SimpleLit' not found
Shader 'Universal Render Pipeline/Particles/Lit': fallback shader 'Universal Render Pipeline/Particles/SimpleLit' not found
Launched and connected shader compiler UnityShaderCompiler.exe after 0.69 seconds
Refreshing native plugins compatible for Editor in 1.15 ms, found 0 plugins.
Preloading 0 native plugins for Editor in 0.00 ms.
Unloading 2781 Unused Serialized files (Serialized files now loaded: 0)
System memory in use before: 123.6 MB.
System memory in use after: 121.4 MB.

Unloading 47 unused Assets to reduce memory usage. Loaded Objects now: 3188.
Total: 18.624281 ms (FindLiveObjects: 0.497093 ms CreateObjectMapping: 0.221559 ms MarkObjects: 3.343426 ms  DeleteObjects: 14.560147 ms)

========================================================================
Received Prepare
Registering precompiled user dll's ...
Registered in 0.001940 seconds.
Begin MonoManager ReloadAssembly
Native extension for WindowsStandalone target not found
Native extension for WebGL target not found
Refreshing native plugins compatible for Editor in 1.70 ms, found 0 plugins.
Preloading 0 native plugins for Editor in 0.00 ms.
Invoked RoslynAnalysisRunner static constructor.
RoslynAnalysisRunner will not be running.
RoslynAnalysisRunner has terminated.
Mono: successfully reloaded assembly
- Completed reload, in  3.229 seconds
Platform modules already initialized, skipping
Switching build target platform(5) subTarget(0) extendedPlatform(0) -> platform(13) subTarget(537395200) extendedPlatform(0)
Shader 'Universal Render Pipeline/Particles/Lit': fallback shader 'Universal Render Pipeline/Particles/SimpleLit' not found
Shader 'Universal Render Pipeline/Particles/Lit': fallback shader 'Universal Render Pipeline/Particles/SimpleLit' not found
Refreshing native plugins compatible for Editor in 0.79 ms, found 0 plugins.
Preloading 0 native plugins for Editor in 0.00 ms.
Unloading 2710 Unused Serialized files (Serialized files now loaded: 0)
System memory in use before: 120.5 MB.
System memory in use after: 118.3 MB.

Unloading 40 unused Assets to reduce memory usage. Loaded Objects now: 3190.
Total: 5.601678 ms (FindLiveObjects: 0.379888 ms CreateObjectMapping: 0.217960 ms MarkObjects: 2.976903 ms  DeleteObjects: 2.024356 ms)

AssetImportParameters requested are different than current active one (requested -> active):
  custom:graphics/normal-map-encoding: 01000000000000000000000000000000 -> 02000000000000000000000000000000
========================================================================
Received Prepare
Registering precompiled user dll's ...
Registered in 0.003436 seconds.
Begin MonoManager ReloadAssembly
Native extension for WindowsStandalone target not found
Native extension for WebGL target not found
Refreshing native plugins compatible for Editor in 0.66 ms, found 0 plugins.
Preloading 0 native plugins for Editor in 0.00 ms.
Invoked RoslynAnalysisRunner static constructor.
RoslynAnalysisRunner will not be running.
RoslynAnalysisRunner has terminated.
Mono: successfully reloaded assembly
- Completed reload, in  1.968 seconds
Platform modules already initialized, skipping
Switching build target platform(5) subTarget(0) extendedPlatform(0) -> platform(13) subTarget(537395200) extendedPlatform(0)
Shader 'Universal Render Pipeline/Particles/Lit': fallback shader 'Universal Render Pipeline/Particles/SimpleLit' not found
Shader 'Universal Render Pipeline/Particles/Lit': fallback shader 'Universal Render Pipeline/Particles/SimpleLit' not found
Refreshing native plugins compatible for Editor in 0.67 ms, found 0 plugins.
Preloading 0 native plugins for Editor in 0.00 ms.
Unloading 2710 Unused Serialized files (Serialized files now loaded: 0)
System memory in use before: 120.5 MB.
System memory in use after: 118.3 MB.

Unloading 40 unused Assets to reduce memory usage. Loaded Objects now: 3192.
Total: 9.101377 ms (FindLiveObjects: 0.773142 ms CreateObjectMapping: 0.413302 ms MarkObjects: 4.960135 ms  DeleteObjects: 2.952229 ms)

AssetImportParameters requested are different than current active one (requested -> active):
  custom:graphics/normal-map-encoding: 01000000000000000000000000000000 -> 02000000000000000000000000000000
========================================================================
Received Import Request.
  path: Assets/Scripts/Gameplay/MainMenuManager.cs
  artifactKey: Guid(e5bebd6aaf72c5f41b9c5494afd988bf) Importer(815301076,1909f56bfc062723c751e8b465ee728b)
Start importing Assets/Scripts/Gameplay/MainMenuManager.cs using Guid(e5bebd6aaf72c5f41b9c5494afd988bf) Importer(815301076,1909f56bfc062723c751e8b465ee728b)  -> (artifact id: '4b2bbddc58bd0b1a7c44582c7ebb13f7') in 0.905112 seconds
  Import took 0.945107 seconds .

========================================================================
Received Prepare
Registering precompiled user dll's ...
Registered in 0.002684 seconds.
Begin MonoManager ReloadAssembly
Native extension for WindowsStandalone target not found
Native extension for WebGL target not found
Refreshing native plugins compatible for Editor in 0.77 ms, found 0 plugins.
Preloading 0 native plugins for Editor in 0.00 ms.
Invoked RoslynAnalysisRunner static constructor.
RoslynAnalysisRunner will not be running.
RoslynAnalysisRunner has terminated.
Mono: successfully reloaded assembly
- Completed reload, in  2.021 seconds
Platform modules already initialized, skipping
Switching build target platform(5) subTarget(0) extendedPlatform(0) -> platform(13) subTarget(537395200) extendedPlatform(0)
Shader 'Universal Render Pipeline/Particles/Lit': fallback shader 'Universal Render Pipeline/Particles/SimpleLit' not found
Shader 'Universal Render Pipeline/Particles/Lit': fallback shader 'Universal Render Pipeline/Particles/SimpleLit' not found
Refreshing native plugins compatible for Editor in 0.63 ms, found 0 plugins.
Preloading 0 native plugins for Editor in 0.00 ms.
Unloading 2711 Unused Serialized files (Serialized files now loaded: 0)
System memory in use before: 120.6 MB.
System memory in use after: 118.4 MB.

Unloading 40 unused Assets to reduce memory usage. Loaded Objects now: 3195.
Total: 7.586452 ms (FindLiveObjects: 0.609671 ms CreateObjectMapping: 0.397366 ms MarkObjects: 4.123250 ms  DeleteObjects: 2.453594 ms)

AssetImportParameters requested are different than current active one (requested -> active):
  custom:graphics/normal-map-encoding: 01000000000000000000000000000000 -> 02000000000000000000000000000000
========================================================================
Received Prepare
Registering precompiled user dll's ...
Registered in 0.002064 seconds.
Begin MonoManager ReloadAssembly
Native extension for WindowsStandalone target not found
Native extension for WebGL target not found
Refreshing native plugins compatible for Editor in 1.11 ms, found 0 plugins.
Preloading 0 native plugins for Editor in 0.00 ms.
Invoked RoslynAnalysisRunner static constructor.
RoslynAnalysisRunner will not be running.
RoslynAnalysisRunner has terminated.
Mono: successfully reloaded assembly
- Completed reload, in  2.179 seconds
Platform modules already initialized, skipping
Switching build target platform(5) subTarget(0) extendedPlatform(0) -> platform(13) subTarget(537395200) extendedPlatform(0)
Shader 'Universal Render Pipeline/Particles/Lit': fallback shader 'Universal Render Pipeline/Particles/SimpleLit' not found
Shader 'Universal Render Pipeline/Particles/Lit': fallback shader 'Universal Render Pipeline/Particles/SimpleLit' not found
Refreshing native plugins compatible for Editor in 0.66 ms, found 0 plugins.
Preloading 0 native plugins for Editor in 0.00 ms.
Unloading 2711 Unused Serialized files (Serialized files now loaded: 0)
System memory in use before: 120.6 MB.
System memory in use after: 118.4 MB.

Unloading 40 unused Assets to reduce memory usage. Loaded Objects now: 3197.
Total: 6.675029 ms (FindLiveObjects: 0.537704 ms CreateObjectMapping: 0.311518 ms MarkObjects: 3.621531 ms  DeleteObjects: 2.201192 ms)

AssetImportParameters requested are different than current active one (requested -> active):
  custom:graphics/normal-map-encoding: 01000000000000000000000000000000 -> 02000000000000000000000000000000
========================================================================
Received Import Request.
  Time since last request: 344.642396 seconds.
  path: Assets/Scripts/Gameplay/SceneLoader.cs
  artifactKey: Guid(55377a5e2905a5d41a48e26f98ac1164) Importer(815301076,1909f56bfc062723c751e8b465ee728b)
Start importing Assets/Scripts/Gameplay/SceneLoader.cs using Guid(55377a5e2905a5d41a48e26f98ac1164) Importer(815301076,1909f56bfc062723c751e8b465ee728b)  -> (artifact id: '0ba7b5b23f1739a81c6996e564bfec31') in 0.448995 seconds
  Import took 0.544549 seconds .

========================================================================
Received Import Request.
  Time since last request: 22.615903 seconds.
  path: Assets/Scenes
  artifactKey: Guid(8383b975ff98b764c8519851a955dc0b) Importer(815301076,1909f56bfc062723c751e8b465ee728b)
Start importing Assets/Scenes using Guid(8383b975ff98b764c8519851a955dc0b) Importer(815301076,1909f56bfc062723c751e8b465ee728b)  -> (artifact id: 'e90cf9f4e798d4b3ac1ad3e82d83cff7') in 0.168098 seconds
  Import took 0.205088 seconds .

========================================================================
Received Prepare
Registering precompiled user dll's ...
Registered in 0.001867 seconds.
Begin MonoManager ReloadAssembly
Native extension for WindowsStandalone target not found
Native extension for WebGL target not found
Refreshing native plugins compatible for Editor in 2.85 ms, found 0 plugins.
Preloading 0 native plugins for Editor in 0.00 ms.
Invoked RoslynAnalysisRunner static constructor.
RoslynAnalysisRunner will not be running.
RoslynAnalysisRunner has terminated.
Mono: successfully reloaded assembly
- Completed reload, in  1.878 seconds
Platform modules already initialized, skipping
Switching build target platform(5) subTarget(0) extendedPlatform(0) -> platform(13) subTarget(537395200) extendedPlatform(0)
Shader 'Universal Render Pipeline/Particles/Lit': fallback shader 'Universal Render Pipeline/Particles/SimpleLit' not found
Shader 'Universal Render Pipeline/Particles/Lit': fallback shader 'Universal Render Pipeline/Particles/SimpleLit' not found
Refreshing native plugins compatible for Editor in 0.63 ms, found 0 plugins.
Preloading 0 native plugins for Editor in 0.00 ms.
Unloading 2711 Unused Serialized files (Serialized files now loaded: 0)
System memory in use before: 120.6 MB.
System memory in use after: 118.4 MB.

Unloading 40 unused Assets to reduce memory usage. Loaded Objects now: 3199.
Total: 6.372763 ms (FindLiveObjects: 0.335165 ms CreateObjectMapping: 0.169125 ms MarkObjects: 3.642093 ms  DeleteObjects: 2.224838 ms)

AssetImportParameters requested are different than current active one (requested -> active):
  custom:graphics/normal-map-encoding: 01000000000000000000000000000000 -> 02000000000000000000000000000000
========================================================================
Received Prepare
Registering precompiled user dll's ...
Registered in 0.001802 seconds.
Begin MonoManager ReloadAssembly
Native extension for WindowsStandalone target not found
Native extension for WebGL target not found
Refreshing native plugins compatible for Editor in 0.63 ms, found 0 plugins.
Preloading 0 native plugins for Editor in 0.00 ms.
Invoked RoslynAnalysisRunner static constructor.
RoslynAnalysisRunner will not be running.
RoslynAnalysisRunner has terminated.
Mono: successfully reloaded assembly
- Completed reload, in  1.587 seconds
Platform modules already initialized, skipping
Switching build target platform(5) subTarget(0) extendedPlatform(0) -> platform(13) subTarget(537395200) extendedPlatform(0)
Shader 'Universal Render Pipeline/Particles/Lit': fallback shader 'Universal Render Pipeline/Particles/SimpleLit' not found
Shader 'Universal Render Pipeline/Particles/Lit': fallback shader 'Universal Render Pipeline/Particles/SimpleLit' not found
Refreshing native plugins compatible for Editor in 0.62 ms, found 0 plugins.
Preloading 0 native plugins for Editor in 0.00 ms.
Unloading 2711 Unused Serialized files (Serialized files now loaded: 0)
System memory in use before: 120.6 MB.
System memory in use after: 118.4 MB.

Unloading 40 unused Assets to reduce memory usage. Loaded Objects now: 3201.
Total: 5.941469 ms (FindLiveObjects: 0.511487 ms CreateObjectMapping: 0.225671 ms MarkObjects: 3.057610 ms  DeleteObjects: 2.144131 ms)

AssetImportParameters requested are different than current active one (requested -> active):
  custom:graphics/normal-map-encoding: 01000000000000000000000000000000 -> 02000000000000000000000000000000
========================================================================
Received Prepare
Registering precompiled user dll's ...
Registered in 0.002201 seconds.
Begin MonoManager ReloadAssembly
Native extension for WindowsStandalone target not found
Native extension for WebGL target not found
Refreshing native plugins compatible for Editor in 0.66 ms, found 0 plugins.
Preloading 0 native plugins for Editor in 0.00 ms.
Invoked RoslynAnalysisRunner static constructor.
RoslynAnalysisRunner will not be running.
RoslynAnalysisRunner has terminated.
Mono: successfully reloaded assembly
- Completed reload, in  1.902 seconds
Platform modules already initialized, skipping
Switching build target platform(5) subTarget(0) extendedPlatform(0) -> platform(13) subTarget(537395200) extendedPlatform(0)
Shader 'Universal Render Pipeline/Particles/Lit': fallback shader 'Universal Render Pipeline/Particles/SimpleLit' not found
Shader 'Universal Render Pipeline/Particles/Lit': fallback shader 'Universal Render Pipeline/Particles/SimpleLit' not found
Refreshing native plugins compatible for Editor in 0.67 ms, found 0 plugins.
Preloading 0 native plugins for Editor in 0.00 ms.
Unloading 2711 Unused Serialized files (Serialized files now loaded: 0)
System memory in use before: 120.6 MB.
System memory in use after: 118.5 MB.

Unloading 40 unused Assets to reduce memory usage. Loaded Objects now: 3203.
Total: 7.045664 ms (FindLiveObjects: 0.492981 ms CreateObjectMapping: 0.274506 ms MarkObjects: 4.049226 ms  DeleteObjects: 2.226894 ms)

AssetImportParameters requested are different than current active one (requested -> active):
  custom:graphics/normal-map-encoding: 01000000000000000000000000000000 -> 02000000000000000000000000000000
========================================================================
Received Prepare
Registering precompiled user dll's ...
Registered in 0.001767 seconds.
Begin MonoManager ReloadAssembly
Native extension for WindowsStandalone target not found
Native extension for WebGL target not found
Refreshing native plugins compatible for Editor in 0.63 ms, found 0 plugins.
Preloading 0 native plugins for Editor in 0.00 ms.
Invoked RoslynAnalysisRunner static constructor.
RoslynAnalysisRunner will not be running.
RoslynAnalysisRunner has terminated.
Mono: successfully reloaded assembly
- Completed reload, in  1.762 seconds
Platform modules already initialized, skipping
Switching build target platform(5) subTarget(0) extendedPlatform(0) -> platform(13) subTarget(537395200) extendedPlatform(0)
Shader 'Universal Render Pipeline/Particles/Lit': fallback shader 'Universal Render Pipeline/Particles/SimpleLit' not found
Shader 'Universal Render Pipeline/Particles/Lit': fallback shader 'Universal Render Pipeline/Particles/SimpleLit' not found
Refreshing native plugins compatible for Editor in 0.62 ms, found 0 plugins.
Preloading 0 native plugins for Editor in 0.00 ms.
Unloading 2711 Unused Serialized files (Serialized files now loaded: 0)
System memory in use before: 120.6 MB.
System memory in use after: 118.5 MB.

Unloading 40 unused Assets to reduce memory usage. Loaded Objects now: 3205.
Total: 6.645727 ms (FindLiveObjects: 0.375262 ms CreateObjectMapping: 0.173237 ms MarkObjects: 3.370671 ms  DeleteObjects: 2.723987 ms)

AssetImportParameters requested are different than current active one (requested -> active):
  custom:graphics/normal-map-encoding: 01000000000000000000000000000000 -> 02000000000000000000000000000000
========================================================================
Received Prepare
Registering precompiled user dll's ...
Registered in 0.002569 seconds.
Begin MonoManager ReloadAssembly
Native extension for WindowsStandalone target not found
Native extension for WebGL target not found
Refreshing native plugins compatible for Editor in 0.80 ms, found 0 plugins.
Preloading 0 native plugins for Editor in 0.00 ms.
Invoked RoslynAnalysisRunner static constructor.
RoslynAnalysisRunner will not be running.
RoslynAnalysisRunner has terminated.
Mono: successfully reloaded assembly
- Completed reload, in  1.866 seconds
Platform modules already initialized, skipping
Switching build target platform(5) subTarget(0) extendedPlatform(0) -> platform(13) subTarget(537395200) extendedPlatform(0)
Shader 'Universal Render Pipeline/Particles/Lit': fallback shader 'Universal Render Pipeline/Particles/SimpleLit' not found
Shader 'Universal Render Pipeline/Particles/Lit': fallback shader 'Universal Render Pipeline/Particles/SimpleLit' not found
Refreshing native plugins compatible for Editor in 0.63 ms, found 0 plugins.
Preloading 0 native plugins for Editor in 0.00 ms.
Unloading 2711 Unused Serialized files (Serialized files now loaded: 0)
System memory in use before: 120.6 MB.
System memory in use after: 118.5 MB.

Unloading 40 unused Assets to reduce memory usage. Loaded Objects now: 3207.
Total: 5.690096 ms (FindLiveObjects: 0.367551 ms CreateObjectMapping: 0.200482 ms MarkObjects: 2.922927 ms  DeleteObjects: 2.197593 ms)

AssetImportParameters requested are different than current active one (requested -> active):
  custom:graphics/normal-map-encoding: 01000000000000000000000000000000 -> 02000000000000000000000000000000
========================================================================
Received Prepare
Registering precompiled user dll's ...
Registered in 0.002864 seconds.
Begin MonoManager ReloadAssembly
Native extension for WindowsStandalone target not found
Native extension for WebGL target not found
Refreshing native plugins compatible for Editor in 0.63 ms, found 0 plugins.
Preloading 0 native plugins for Editor in 0.00 ms.
Invoked RoslynAnalysisRunner static constructor.
RoslynAnalysisRunner will not be running.
RoslynAnalysisRunner has terminated.
Mono: successfully reloaded assembly
- Completed reload, in  1.669 seconds
Platform modules already initialized, skipping
Switching build target platform(5) subTarget(0) extendedPlatform(0) -> platform(13) subTarget(537395200) extendedPlatform(0)
Shader 'Universal Render Pipeline/Particles/Lit': fallback shader 'Universal Render Pipeline/Particles/SimpleLit' not found
Shader 'Universal Render Pipeline/Particles/Lit': fallback shader 'Universal Render Pipeline/Particles/SimpleLit' not found
Refreshing native plugins compatible for Editor in 0.63 ms, found 0 plugins.
Preloading 0 native plugins for Editor in 0.00 ms.
Unloading 2711 Unused Serialized files (Serialized files now loaded: 0)
System memory in use before: 120.6 MB.
System memory in use after: 118.5 MB.

Unloading 40 unused Assets to reduce memory usage. Loaded Objects now: 3209.
Total: 5.873100 ms (FindLiveObjects: 0.414330 ms CreateObjectMapping: 0.223615 ms MarkObjects: 3.006719 ms  DeleteObjects: 2.226894 ms)

AssetImportParameters requested are different than current active one (requested -> active):
  custom:graphics/normal-map-encoding: 01000000000000000000000000000000 -> 02000000000000000000000000000000
========================================================================
Received Import Request.
  Time since last request: 372.231656 seconds.
  path: Assets/Scripts/Weapons/Behaviors/DoubleShootBehavior.cs
  artifactKey: Guid(d81639832cce0d74c860023b6d4842a1) Importer(815301076,1909f56bfc062723c751e8b465ee728b)
Start importing Assets/Scripts/Weapons/Behaviors/DoubleShootBehavior.cs using Guid(d81639832cce0d74c860023b6d4842a1) Importer(815301076,1909f56bfc062723c751e8b465ee728b)  -> (artifact id: '7cf6badbf9f0fbef6f6cf1d36c260730') in 0.228302 seconds
  Import took 0.272662 seconds .

========================================================================
Received Prepare
Registering precompiled user dll's ...
Registered in 0.168410 seconds.
Begin MonoManager ReloadAssembly
Native extension for WindowsStandalone target not found
Native extension for WebGL target not found
Refreshing native plugins compatible for Editor in 0.84 ms, found 0 plugins.
Preloading 0 native plugins for Editor in 0.00 ms.
Invoked RoslynAnalysisRunner static constructor.
RoslynAnalysisRunner will not be running.
RoslynAnalysisRunner has terminated.
Mono: successfully reloaded assembly
- Completed reload, in  3.303 seconds
Platform modules already initialized, skipping
Switching build target platform(5) subTarget(0) extendedPlatform(0) -> platform(13) subTarget(537395200) extendedPlatform(0)
Shader 'Universal Render Pipeline/Particles/Lit': fallback shader 'Universal Render Pipeline/Particles/SimpleLit' not found
Shader 'Universal Render Pipeline/Particles/Lit': fallback shader 'Universal Render Pipeline/Particles/SimpleLit' not found
Refreshing native plugins compatible for Editor in 1.11 ms, found 0 plugins.
Preloading 0 native plugins for Editor in 0.00 ms.
Unloading 2712 Unused Serialized files (Serialized files now loaded: 0)
System memory in use before: 120.7 MB.
System memory in use after: 118.5 MB.

Unloading 40 unused Assets to reduce memory usage. Loaded Objects now: 3212.
Total: 12.084963 ms (FindLiveObjects: 0.797302 ms CreateObjectMapping: 0.539246 ms MarkObjects: 4.682030 ms  DeleteObjects: 6.062787 ms)

AssetImportParameters requested are different than current active one (requested -> active):
  custom:graphics/normal-map-encoding: 01000000000000000000000000000000 -> 02000000000000000000000000000000
========================================================================
Received Import Request.
  Time since last request: 283.933245 seconds.
  path: Assets/Scripts/Weapons/Behaviors/DoubleShootBehavior.cs
  artifactKey: Guid(d81639832cce0d74c860023b6d4842a1) Importer(815301076,1909f56bfc062723c751e8b465ee728b)
Start importing Assets/Scripts/Weapons/Behaviors/DoubleShootBehavior.cs using Guid(d81639832cce0d74c860023b6d4842a1) Importer(815301076,1909f56bfc062723c751e8b465ee728b)  -> (artifact id: '13c8fff8b5b604166105719545c63b17') in 0.153184 seconds
  Import took 0.280902 seconds .

========================================================================
Received Prepare
Registering precompiled user dll's ...
Registered in 0.001841 seconds.
Begin MonoManager ReloadAssembly
Native extension for WindowsStandalone target not found
Native extension for WebGL target not found
Refreshing native plugins compatible for Editor in 0.68 ms, found 0 plugins.
Preloading 0 native plugins for Editor in 0.00 ms.
Invoked RoslynAnalysisRunner static constructor.
RoslynAnalysisRunner will not be running.
RoslynAnalysisRunner has terminated.
Mono: successfully reloaded assembly
- Completed reload, in  1.894 seconds
Platform modules already initialized, skipping
Switching build target platform(5) subTarget(0) extendedPlatform(0) -> platform(13) subTarget(537395200) extendedPlatform(0)
Shader 'Universal Render Pipeline/Particles/Lit': fallback shader 'Universal Render Pipeline/Particles/SimpleLit' not found
Shader 'Universal Render Pipeline/Particles/Lit': fallback shader 'Universal Render Pipeline/Particles/SimpleLit' not found
Refreshing native plugins compatible for Editor in 0.63 ms, found 0 plugins.
Preloading 0 native plugins for Editor in 0.00 ms.
Unloading 2712 Unused Serialized files (Serialized files now loaded: 0)
System memory in use before: 120.7 MB.
System memory in use after: 118.5 MB.

Unloading 40 unused Assets to reduce memory usage. Loaded Objects now: 3214.
Total: 8.944590 ms (FindLiveObjects: 0.678555 ms CreateObjectMapping: 0.444659 ms MarkObjects: 4.778673 ms  DeleteObjects: 3.039618 ms)

AssetImportParameters requested are different than current active one (requested -> active):
  custom:graphics/normal-map-encoding: 01000000000000000000000000000000 -> 02000000000000000000000000000000
========================================================================
Received Import Request.
  Time since last request: 229.702165 seconds.
  path: Assets/Scripts/Weapons/Behaviors/DoubleShootBehavior.cs
  artifactKey: Guid(d81639832cce0d74c860023b6d4842a1) Importer(815301076,1909f56bfc062723c751e8b465ee728b)
Start importing Assets/Scripts/Weapons/Behaviors/DoubleShootBehavior.cs using Guid(d81639832cce0d74c860023b6d4842a1) Importer(815301076,1909f56bfc062723c751e8b465ee728b)  -> (artifact id: 'd15694467321096e7684b5fde75f1dd1') in 0.168407 seconds
  Import took 0.226637 seconds .

========================================================================
Received Import Request.
  Time since last request: 4.806946 seconds.
  path: Assets/Scripts/Weapons/Behaviors/DoubleShootBehavior.cs
  artifactKey: Guid(d81639832cce0d74c860023b6d4842a1) Importer(815301076,1909f56bfc062723c751e8b465ee728b)
Start importing Assets/Scripts/Weapons/Behaviors/DoubleShootBehavior.cs using Guid(d81639832cce0d74c860023b6d4842a1) Importer(815301076,1909f56bfc062723c751e8b465ee728b)  -> (artifact id: 'd15694467321096e7684b5fde75f1dd1') in 0.160660 seconds
  Import took 0.211590 seconds .

========================================================================
Received Prepare
Registering precompiled user dll's ...
Registered in 0.002187 seconds.
Begin MonoManager ReloadAssembly
Native extension for WindowsStandalone target not found
Native extension for WebGL target not found
Refreshing native plugins compatible for Editor in 0.66 ms, found 0 plugins.
Preloading 0 native plugins for Editor in 0.00 ms.
Invoked RoslynAnalysisRunner static constructor.
RoslynAnalysisRunner will not be running.
RoslynAnalysisRunner has terminated.
Mono: successfully reloaded assembly
- Completed reload, in  1.914 seconds
Platform modules already initialized, skipping
Switching build target platform(5) subTarget(0) extendedPlatform(0) -> platform(13) subTarget(537395200) extendedPlatform(0)
Shader 'Universal Render Pipeline/Particles/Lit': fallback shader 'Universal Render Pipeline/Particles/SimpleLit' not found
Shader 'Universal Render Pipeline/Particles/Lit': fallback shader 'Universal Render Pipeline/Particles/SimpleLit' not found
Refreshing native plugins compatible for Editor in 0.63 ms, found 0 plugins.
Preloading 0 native plugins for Editor in 0.00 ms.
Unloading 2712 Unused Serialized files (Serialized files now loaded: 0)
System memory in use before: 120.7 MB.
System memory in use after: 118.5 MB.

Unloading 40 unused Assets to reduce memory usage. Loaded Objects now: 3216.
Total: 6.172281 ms (FindLiveObjects: 0.339792 ms CreateObjectMapping: 0.174265 ms MarkObjects: 3.459089 ms  DeleteObjects: 2.197079 ms)

AssetImportParameters requested are different than current active one (requested -> active):
  custom:graphics/normal-map-encoding: 01000000000000000000000000000000 -> 02000000000000000000000000000000
========================================================================
Received Prepare
Registering precompiled user dll's ...
Registered in 0.002525 seconds.
Begin MonoManager ReloadAssembly
Native extension for WindowsStandalone target not found
Native extension for WebGL target not found
Refreshing native plugins compatible for Editor in 0.72 ms, found 0 plugins.
Preloading 0 native plugins for Editor in 0.00 ms.
Invoked RoslynAnalysisRunner static constructor.
RoslynAnalysisRunner will not be running.
RoslynAnalysisRunner has terminated.
Mono: successfully reloaded assembly
- Completed reload, in  1.845 seconds
Platform modules already initialized, skipping
Switching build target platform(5) subTarget(0) extendedPlatform(0) -> platform(13) subTarget(537395200) extendedPlatform(0)
Shader 'Universal Render Pipeline/Particles/Lit': fallback shader 'Universal Render Pipeline/Particles/SimpleLit' not found
Shader 'Universal Render Pipeline/Particles/Lit': fallback shader 'Universal Render Pipeline/Particles/SimpleLit' not found
Refreshing native plugins compatible for Editor in 0.64 ms, found 0 plugins.
Preloading 0 native plugins for Editor in 0.00 ms.
Unloading 2712 Unused Serialized files (Serialized files now loaded: 0)
System memory in use before: 120.7 MB.
System memory in use after: 118.5 MB.

Unloading 40 unused Assets to reduce memory usage. Loaded Objects now: 3218.
Total: 5.846883 ms (FindLiveObjects: 0.436948 ms CreateObjectMapping: 0.251888 ms MarkObjects: 2.986156 ms  DeleteObjects: 2.170348 ms)

AssetImportParameters requested are different than current active one (requested -> active):
  custom:graphics/normal-map-encoding: 01000000000000000000000000000000 -> 02000000000000000000000000000000
========================================================================
Received Prepare
Registering precompiled user dll's ...
Registered in 0.001864 seconds.
Begin MonoManager ReloadAssembly
Native extension for WindowsStandalone target not found
Native extension for WebGL target not found
Refreshing native plugins compatible for Editor in 0.63 ms, found 0 plugins.
Preloading 0 native plugins for Editor in 0.00 ms.
Invoked RoslynAnalysisRunner static constructor.
RoslynAnalysisRunner will not be running.
RoslynAnalysisRunner has terminated.
Mono: successfully reloaded assembly
- Completed reload, in  1.957 seconds
Platform modules already initialized, skipping
Switching build target platform(5) subTarget(0) extendedPlatform(0) -> platform(13) subTarget(537395200) extendedPlatform(0)
Shader 'Universal Render Pipeline/Particles/Lit': fallback shader 'Universal Render Pipeline/Particles/SimpleLit' not found
Shader 'Universal Render Pipeline/Particles/Lit': fallback shader 'Universal Render Pipeline/Particles/SimpleLit' not found
Refreshing native plugins compatible for Editor in 0.62 ms, found 0 plugins.
Preloading 0 native plugins for Editor in 0.00 ms.
Unloading 2712 Unused Serialized files (Serialized files now loaded: 0)
System memory in use before: 120.7 MB.
System memory in use after: 118.5 MB.

Unloading 40 unused Assets to reduce memory usage. Loaded Objects now: 3220.
Total: 6.145550 ms (FindLiveObjects: 0.406619 ms CreateObjectMapping: 0.230297 ms MarkObjects: 3.169675 ms  DeleteObjects: 2.337417 ms)

AssetImportParameters requested are different than current active one (requested -> active):
  custom:graphics/normal-map-encoding: 01000000000000000000000000000000 -> 02000000000000000000000000000000
========================================================================
Received Import Request.
  Time since last request: 166.396308 seconds.
  path: Assets/Scripts/Weapons/Behaviors/DoubleShootBehavior.cs
  artifactKey: Guid(d81639832cce0d74c860023b6d4842a1) Importer(815301076,1909f56bfc062723c751e8b465ee728b)
Start importing Assets/Scripts/Weapons/Behaviors/DoubleShootBehavior.cs using Guid(d81639832cce0d74c860023b6d4842a1) Importer(815301076,1909f56bfc062723c751e8b465ee728b)  -> (artifact id: '332a731b60d6574212f88f56295f17cb') in 0.097219 seconds
  Import took 0.148374 seconds .

========================================================================
Received Import Request.
  Time since last request: 5.426419 seconds.
  path: Assets/Scenes/GameScene.unity
  artifactKey: Guid(090d6bd680c79184a81b955afff9efd7) Importer(815301076,1909f56bfc062723c751e8b465ee728b)
Start importing Assets/Scenes/GameScene.unity using Guid(090d6bd680c79184a81b955afff9efd7) Importer(815301076,1909f56bfc062723c751e8b465ee728b)  -> (artifact id: '74be422b7aaf2f80896733406790e6e2') in 0.247326 seconds
  Import took 0.286546 seconds .

========================================================================
Received Prepare
Registering precompiled user dll's ...
Registered in 0.001747 seconds.
Begin MonoManager ReloadAssembly
Native extension for WindowsStandalone target not found
Native extension for WebGL target not found
Refreshing native plugins compatible for Editor in 0.77 ms, found 0 plugins.
Preloading 0 native plugins for Editor in 0.00 ms.
Invoked RoslynAnalysisRunner static constructor.
RoslynAnalysisRunner will not be running.
RoslynAnalysisRunner has terminated.
Mono: successfully reloaded assembly
- Completed reload, in  2.443 seconds
Platform modules already initialized, skipping
Switching build target platform(5) subTarget(0) extendedPlatform(0) -> platform(13) subTarget(537395200) extendedPlatform(0)
Shader 'Universal Render Pipeline/Particles/Lit': fallback shader 'Universal Render Pipeline/Particles/SimpleLit' not found
Shader 'Universal Render Pipeline/Particles/Lit': fallback shader 'Universal Render Pipeline/Particles/SimpleLit' not found
Refreshing native plugins compatible for Editor in 1.38 ms, found 0 plugins.
Preloading 0 native plugins for Editor in 0.00 ms.
Unloading 2713 Unused Serialized files (Serialized files now loaded: 0)
System memory in use before: 120.7 MB.
System memory in use after: 118.6 MB.

Unloading 40 unused Assets to reduce memory usage. Loaded Objects now: 3223.
Total: 6.658065 ms (FindLiveObjects: 0.579342 ms CreateObjectMapping: 0.286330 ms MarkObjects: 3.184068 ms  DeleteObjects: 2.605754 ms)

AssetImportParameters requested are different than current active one (requested -> active):
  custom:graphics/normal-map-encoding: 01000000000000000000000000000000 -> 02000000000000000000000000000000
========================================================================
Received Prepare
Registering precompiled user dll's ...
Registered in 0.001812 seconds.
Begin MonoManager ReloadAssembly
Native extension for WindowsStandalone target not found
Native extension for WebGL target not found
Refreshing native plugins compatible for Editor in 0.82 ms, found 0 plugins.
Preloading 0 native plugins for Editor in 0.00 ms.
Invoked RoslynAnalysisRunner static constructor.
RoslynAnalysisRunner will not be running.
RoslynAnalysisRunner has terminated.
Mono: successfully reloaded assembly
- Completed reload, in  3.123 seconds
Platform modules already initialized, skipping
Switching build target platform(5) subTarget(0) extendedPlatform(0) -> platform(13) subTarget(537395200) extendedPlatform(0)
Shader 'Universal Render Pipeline/Particles/Lit': fallback shader 'Universal Render Pipeline/Particles/SimpleLit' not found
Shader 'Universal Render Pipeline/Particles/Lit': fallback shader 'Universal Render Pipeline/Particles/SimpleLit' not found
Refreshing native plugins compatible for Editor in 0.64 ms, found 0 plugins.
Preloading 0 native plugins for Editor in 0.00 ms.
Unloading 2713 Unused Serialized files (Serialized files now loaded: 0)
System memory in use before: 120.8 MB.
System memory in use after: 118.6 MB.

Unloading 40 unused Assets to reduce memory usage. Loaded Objects now: 3225.
Total: 6.150177 ms (FindLiveObjects: 0.372177 ms CreateObjectMapping: 0.213334 ms MarkObjects: 3.245755 ms  DeleteObjects: 2.316854 ms)

AssetImportParameters requested are different than current active one (requested -> active):
  custom:graphics/normal-map-encoding: 01000000000000000000000000000000 -> 02000000000000000000000000000000
========================================================================
Received Prepare
Registering precompiled user dll's ...
Registered in 0.045864 seconds.
Begin MonoManager ReloadAssembly
Native extension for WindowsStandalone target not found
Native extension for WebGL target not found
Refreshing native plugins compatible for Editor in 12.25 ms, found 0 plugins.
Preloading 0 native plugins for Editor in 0.00 ms.
Invoked RoslynAnalysisRunner static constructor.
RoslynAnalysisRunner will not be running.
RoslynAnalysisRunner has terminated.
Mono: successfully reloaded assembly
- Completed reload, in 28.916 seconds
Platform modules already initialized, skipping
Switching build target platform(5) subTarget(0) extendedPlatform(0) -> platform(13) subTarget(537395200) extendedPlatform(0)
Shader 'Universal Render Pipeline/Particles/Lit': fallback shader 'Universal Render Pipeline/Particles/SimpleLit' not found
Shader 'Universal Render Pipeline/Particles/Lit': fallback shader 'Universal Render Pipeline/Particles/SimpleLit' not found
Refreshing native plugins compatible for Editor in 1.09 ms, found 0 plugins.
Preloading 0 native plugins for Editor in 0.00 ms.
Unloading 2713 Unused Serialized files (Serialized files now loaded: 0)
System memory in use before: 120.8 MB.
System memory in use after: 118.6 MB.

Unloading 40 unused Assets to reduce memory usage. Loaded Objects now: 3227.
Total: 8.401746 ms (FindLiveObjects: 0.598362 ms CreateObjectMapping: 0.481671 ms MarkObjects: 3.707892 ms  DeleteObjects: 3.610736 ms)

AssetImportParameters requested are different than current active one (requested -> active):
  custom:graphics/normal-map-encoding: 01000000000000000000000000000000 -> 02000000000000000000000000000000
========================================================================
Received Prepare
Registering precompiled user dll's ...
Registered in 0.001697 seconds.
Begin MonoManager ReloadAssembly
Native extension for WindowsStandalone target not found
Native extension for WebGL target not found
Refreshing native plugins compatible for Editor in 1.12 ms, found 0 plugins.
Preloading 0 native plugins for Editor in 0.00 ms.
Invoked RoslynAnalysisRunner static constructor.
RoslynAnalysisRunner will not be running.
RoslynAnalysisRunner has terminated.
Mono: successfully reloaded assembly
- Completed reload, in  3.396 seconds
Platform modules already initialized, skipping
Switching build target platform(5) subTarget(0) extendedPlatform(0) -> platform(13) subTarget(537395200) extendedPlatform(0)
Shader 'Universal Render Pipeline/Particles/Lit': fallback shader 'Universal Render Pipeline/Particles/SimpleLit' not found
Shader 'Universal Render Pipeline/Particles/Lit': fallback shader 'Universal Render Pipeline/Particles/SimpleLit' not found
Refreshing native plugins compatible for Editor in 0.98 ms, found 0 plugins.
Preloading 0 native plugins for Editor in 0.00 ms.
Unloading 2713 Unused Serialized files (Serialized files now loaded: 0)
System memory in use before: 120.8 MB.
System memory in use after: 118.6 MB.

Unloading 40 unused Assets to reduce memory usage. Loaded Objects now: 3229.
Total: 9.982985 ms (FindLiveObjects: 0.614812 ms CreateObjectMapping: 0.372177 ms MarkObjects: 5.720939 ms  DeleteObjects: 3.271972 ms)

AssetImportParameters requested are different than current active one (requested -> active):
  custom:graphics/normal-map-encoding: 01000000000000000000000000000000 -> 02000000000000000000000000000000
========================================================================
Received Prepare
Registering precompiled user dll's ...
Registered in 0.003187 seconds.
Begin MonoManager ReloadAssembly
Native extension for WindowsStandalone target not found
Native extension for WebGL target not found
Refreshing native plugins compatible for Editor in 0.69 ms, found 0 plugins.
Preloading 0 native plugins for Editor in 0.00 ms.
Invoked RoslynAnalysisRunner static constructor.
RoslynAnalysisRunner will not be running.
RoslynAnalysisRunner has terminated.
Mono: successfully reloaded assembly
- Completed reload, in  2.699 seconds
Platform modules already initialized, skipping
Switching build target platform(5) subTarget(0) extendedPlatform(0) -> platform(13) subTarget(537395200) extendedPlatform(0)
Shader 'Universal Render Pipeline/Particles/Lit': fallback shader 'Universal Render Pipeline/Particles/SimpleLit' not found
Shader 'Universal Render Pipeline/Particles/Lit': fallback shader 'Universal Render Pipeline/Particles/SimpleLit' not found
Refreshing native plugins compatible for Editor in 0.62 ms, found 0 plugins.
Preloading 0 native plugins for Editor in 0.00 ms.
Unloading 2713 Unused Serialized files (Serialized files now loaded: 0)
System memory in use before: 120.8 MB.
System memory in use after: 118.6 MB.

Unloading 40 unused Assets to reduce memory usage. Loaded Objects now: 3231.
Total: 11.727180 ms (FindLiveObjects: 1.249672 ms CreateObjectMapping: 0.924788 ms MarkObjects: 5.987735 ms  DeleteObjects: 3.559844 ms)

AssetImportParameters requested are different than current active one (requested -> active):
  custom:graphics/normal-map-encoding: 01000000000000000000000000000000 -> 02000000000000000000000000000000
========================================================================
Received Prepare
Registering precompiled user dll's ...
Registered in 0.001726 seconds.
Begin MonoManager ReloadAssembly
Native extension for WindowsStandalone target not found
Native extension for WebGL target not found
Refreshing native plugins compatible for Editor in 2.70 ms, found 0 plugins.
Preloading 0 native plugins for Editor in 0.00 ms.
Invoked RoslynAnalysisRunner static constructor.
RoslynAnalysisRunner will not be running.
RoslynAnalysisRunner has terminated.
Mono: successfully reloaded assembly
- Completed reload, in  4.660 seconds
Platform modules already initialized, skipping
Switching build target platform(5) subTarget(0) extendedPlatform(0) -> platform(13) subTarget(537395200) extendedPlatform(0)
Shader 'Universal Render Pipeline/Particles/Lit': fallback shader 'Universal Render Pipeline/Particles/SimpleLit' not found
Shader 'Universal Render Pipeline/Particles/Lit': fallback shader 'Universal Render Pipeline/Particles/SimpleLit' not found
Refreshing native plugins compatible for Editor in 0.65 ms, found 0 plugins.
Preloading 0 native plugins for Editor in 0.00 ms.
Unloading 2713 Unused Serialized files (Serialized files now loaded: 0)
System memory in use before: 120.8 MB.
System memory in use after: 118.6 MB.

Unloading 40 unused Assets to reduce memory usage. Loaded Objects now: 3233.
Total: 6.444217 ms (FindLiveObjects: 0.461109 ms CreateObjectMapping: 0.222073 ms MarkObjects: 3.490446 ms  DeleteObjects: 2.269047 ms)

AssetImportParameters requested are different than current active one (requested -> active):
  custom:graphics/normal-map-encoding: 01000000000000000000000000000000 -> 02000000000000000000000000000000
========================================================================
Received Prepare
Registering precompiled user dll's ...
Registered in 0.001745 seconds.
Begin MonoManager ReloadAssembly
Native extension for WindowsStandalone target not found
Native extension for WebGL target not found
Refreshing native plugins compatible for Editor in 1.00 ms, found 0 plugins.
Preloading 0 native plugins for Editor in 0.00 ms.
Invoked RoslynAnalysisRunner static constructor.
RoslynAnalysisRunner will not be running.
RoslynAnalysisRunner has terminated.
Mono: successfully reloaded assembly
- Completed reload, in  1.934 seconds
Platform modules already initialized, skipping
Switching build target platform(5) subTarget(0) extendedPlatform(0) -> platform(13) subTarget(537395200) extendedPlatform(0)
Shader 'Universal Render Pipeline/Particles/Lit': fallback shader 'Universal Render Pipeline/Particles/SimpleLit' not found
Shader 'Universal Render Pipeline/Particles/Lit': fallback shader 'Universal Render Pipeline/Particles/SimpleLit' not found
Refreshing native plugins compatible for Editor in 0.66 ms, found 0 plugins.
Preloading 0 native plugins for Editor in 0.00 ms.
Unloading 2713 Unused Serialized files (Serialized files now loaded: 0)
System memory in use before: 120.8 MB.
System memory in use after: 118.6 MB.

Unloading 40 unused Assets to reduce memory usage. Loaded Objects now: 3235.
Total: 8.422822 ms (FindLiveObjects: 0.646684 ms CreateObjectMapping: 0.422555 ms MarkObjects: 4.639877 ms  DeleteObjects: 2.710622 ms)

AssetImportParameters requested are different than current active one (requested -> active):
  custom:graphics/normal-map-encoding: 01000000000000000000000000000000 -> 02000000000000000000000000000000
========================================================================
Received Import Request.
  Time since last request: 1511.644461 seconds.
  path: Assets/Prefabs/EntityUI.prefab
  artifactKey: Guid(c6305a9701e79104189642ccce62acbe) Importer(815301076,1909f56bfc062723c751e8b465ee728b)
Start importing Assets/Prefabs/EntityUI.prefab using Guid(c6305a9701e79104189642ccce62acbe) Importer(815301076,1909f56bfc062723c751e8b465ee728b)  -> (artifact id: '45c2d3732793b52364d1a2cb286de7bb') in 1.313825 seconds
  Import took 1.375344 seconds .

========================================================================
Received Import Request.
  Time since last request: 0.030526 seconds.
  path: Assets/Prefabs/EntityUI.prefab
  artifactKey: Guid(c6305a9701e79104189642ccce62acbe) Importer(815301076,1909f56bfc062723c751e8b465ee728b)
Start importing Assets/Prefabs/EntityUI.prefab using Guid(c6305a9701e79104189642ccce62acbe) Importer(815301076,1909f56bfc062723c751e8b465ee728b)  -> (artifact id: '45c2d3732793b52364d1a2cb286de7bb') in 0.109217 seconds
  Import took 0.164274 seconds .

========================================================================
Received Import Request.
  Time since last request: 10.552259 seconds.
  path: Assets/Prefabs/EnemyWalking.prefab
  artifactKey: Guid(939d823c108331649867010b7d200538) Importer(815301076,1909f56bfc062723c751e8b465ee728b)
Start importing Assets/Prefabs/EnemyWalking.prefab using Guid(939d823c108331649867010b7d200538) Importer(815301076,1909f56bfc062723c751e8b465ee728b)  -> (artifact id: '840b7118420e70ce70934eca2eb77108') in 2.393122 seconds
  Import took 2.437364 seconds .

========================================================================
Received Import Request.
  Time since last request: 5.631330 seconds.
  path: Assets/Prefabs/EnemyWalking.prefab
  artifactKey: Guid(939d823c108331649867010b7d200538) Importer(815301076,1909f56bfc062723c751e8b465ee728b)
Start importing Assets/Prefabs/EnemyWalking.prefab using Guid(939d823c108331649867010b7d200538) Importer(815301076,1909f56bfc062723c751e8b465ee728b)  -> (artifact id: 'a97433f2ea2c6761987db8c0c280c45c') in 0.309555 seconds
  Import took 0.364561 seconds .

========================================================================
Received Import Request.
  Time since last request: 10.429288 seconds.
  path: Assets/Prefabs/FlyingEnemy.prefab
  artifactKey: Guid(7412088fb18c5fc468866db459cb8e01) Importer(815301076,1909f56bfc062723c751e8b465ee728b)
Start importing Assets/Prefabs/FlyingEnemy.prefab using Guid(7412088fb18c5fc468866db459cb8e01) Importer(815301076,1909f56bfc062723c751e8b465ee728b)  -> (artifact id: '88641210f81742fd74297ae854f3d100') in 0.309376 seconds
  Import took 0.353978 seconds .

========================================================================
Received Import Request.
  Time since last request: 6.345025 seconds.
  path: Assets/Prefabs/FlyingEnemy.prefab
  artifactKey: Guid(7412088fb18c5fc468866db459cb8e01) Importer(815301076,1909f56bfc062723c751e8b465ee728b)
Start importing Assets/Prefabs/FlyingEnemy.prefab using Guid(7412088fb18c5fc468866db459cb8e01) Importer(815301076,1909f56bfc062723c751e8b465ee728b)  -> (artifact id: 'ffd404f5369af4f864b710743661733a') in 0.276996 seconds
  Import took 0.308683 seconds .

========================================================================
Received Prepare
Registering precompiled user dll's ...
Registered in 0.001714 seconds.
Begin MonoManager ReloadAssembly
Native extension for WindowsStandalone target not found
Native extension for WebGL target not found
Refreshing native plugins compatible for Editor in 0.63 ms, found 0 plugins.
Preloading 0 native plugins for Editor in 0.00 ms.
Invoked RoslynAnalysisRunner static constructor.
RoslynAnalysisRunner will not be running.
RoslynAnalysisRunner has terminated.
Mono: successfully reloaded assembly
- Completed reload, in  1.829 seconds
Platform modules already initialized, skipping
Switching build target platform(5) subTarget(0) extendedPlatform(0) -> platform(13) subTarget(537395200) extendedPlatform(0)
Shader 'Universal Render Pipeline/Particles/Lit': fallback shader 'Universal Render Pipeline/Particles/SimpleLit' not found
Shader 'Universal Render Pipeline/Particles/Lit': fallback shader 'Universal Render Pipeline/Particles/SimpleLit' not found
Refreshing native plugins compatible for Editor in 0.70 ms, found 0 plugins.
Preloading 0 native plugins for Editor in 0.00 ms.
Unloading 2713 Unused Serialized files (Serialized files now loaded: 0)
System memory in use before: 126.1 MB.
System memory in use after: 123.9 MB.

Unloading 41 unused Assets to reduce memory usage. Loaded Objects now: 3286.
Total: 6.248876 ms (FindLiveObjects: 0.362924 ms CreateObjectMapping: 0.192257 ms MarkObjects: 3.539282 ms  DeleteObjects: 2.152870 ms)

AssetImportParameters requested are different than current active one (requested -> active):
  custom:graphics/normal-map-encoding: 01000000000000000000000000000000 -> 02000000000000000000000000000000
========================================================================
Received Import Request.
  Time since last request: 210.563989 seconds.
  path: Assets/Prefabs/EnemyWalking.prefab
  artifactKey: Guid(939d823c108331649867010b7d200538) Importer(815301076,1909f56bfc062723c751e8b465ee728b)
Start importing Assets/Prefabs/EnemyWalking.prefab using Guid(939d823c108331649867010b7d200538) Importer(815301076,1909f56bfc062723c751e8b465ee728b)  -> (artifact id: 'b3c327172f3b33c23896f39c6d2fbfb1') in 0.721935 seconds
  Import took 0.782199 seconds .

========================================================================
Received Prepare
Registering precompiled user dll's ...
Registered in 0.001765 seconds.
Begin MonoManager ReloadAssembly
Native extension for WindowsStandalone target not found
Native extension for WebGL target not found
Refreshing native plugins compatible for Editor in 0.63 ms, found 0 plugins.
Preloading 0 native plugins for Editor in 0.00 ms.
Invoked RoslynAnalysisRunner static constructor.
RoslynAnalysisRunner will not be running.
RoslynAnalysisRunner has terminated.
Mono: successfully reloaded assembly
- Completed reload, in  1.956 seconds
Platform modules already initialized, skipping
Switching build target platform(5) subTarget(0) extendedPlatform(0) -> platform(13) subTarget(537395200) extendedPlatform(0)
Shader 'Universal Render Pipeline/Particles/Lit': fallback shader 'Universal Render Pipeline/Particles/SimpleLit' not found
Shader 'Universal Render Pipeline/Particles/Lit': fallback shader 'Universal Render Pipeline/Particles/SimpleLit' not found
Refreshing native plugins compatible for Editor in 0.62 ms, found 0 plugins.
Preloading 0 native plugins for Editor in 0.00 ms.
Unloading 2713 Unused Serialized files (Serialized files now loaded: 0)
System memory in use before: 126.2 MB.
System memory in use after: 124.1 MB.

Unloading 41 unused Assets to reduce memory usage. Loaded Objects now: 3324.
Total: 6.187189 ms (FindLiveObjects: 0.353671 ms CreateObjectMapping: 0.177350 ms MarkObjects: 3.245755 ms  DeleteObjects: 2.408357 ms)

AssetImportParameters requested are different than current active one (requested -> active):
  custom:graphics/normal-map-encoding: 01000000000000000000000000000000 -> 02000000000000000000000000000000
========================================================================
Received Prepare
Registering precompiled user dll's ...
Registered in 0.002645 seconds.
Begin MonoManager ReloadAssembly
Native extension for WindowsStandalone target not found
Native extension for WebGL target not found
Refreshing native plugins compatible for Editor in 1.11 ms, found 0 plugins.
Preloading 0 native plugins for Editor in 0.00 ms.
Invoked RoslynAnalysisRunner static constructor.
RoslynAnalysisRunner will not be running.
RoslynAnalysisRunner has terminated.
Mono: successfully reloaded assembly
- Completed reload, in  2.067 seconds
Platform modules already initialized, skipping
Switching build target platform(5) subTarget(0) extendedPlatform(0) -> platform(13) subTarget(537395200) extendedPlatform(0)
Shader 'Universal Render Pipeline/Particles/Lit': fallback shader 'Universal Render Pipeline/Particles/SimpleLit' not found
Shader 'Universal Render Pipeline/Particles/Lit': fallback shader 'Universal Render Pipeline/Particles/SimpleLit' not found
Refreshing native plugins compatible for Editor in 0.62 ms, found 0 plugins.
Preloading 0 native plugins for Editor in 0.00 ms.
Unloading 2713 Unused Serialized files (Serialized files now loaded: 0)
System memory in use before: 126.2 MB.
System memory in use after: 124.1 MB.

Unloading 40 unused Assets to reduce memory usage. Loaded Objects now: 3326.
Total: 6.646241 ms (FindLiveObjects: 0.431808 ms CreateObjectMapping: 0.332081 ms MarkObjects: 3.561900 ms  DeleteObjects: 2.317882 ms)

AssetImportParameters requested are different than current active one (requested -> active):
  custom:graphics/normal-map-encoding: 01000000000000000000000000000000 -> 02000000000000000000000000000000
========================================================================
Received Import Request.
  Time since last request: 87.985224 seconds.
  path: Assets/Prefabs/EntityUI.prefab
  artifactKey: Guid(c6305a9701e79104189642ccce62acbe) Importer(815301076,1909f56bfc062723c751e8b465ee728b)
Start importing Assets/Prefabs/EntityUI.prefab using Guid(c6305a9701e79104189642ccce62acbe) Importer(815301076,1909f56bfc062723c751e8b465ee728b)  -> (artifact id: 'bc4231438a4ac57ef8f555b3e08227b8') in 0.161449 seconds
  Import took 0.211466 seconds .

========================================================================
Received Import Request.
  Time since last request: 0.000444 seconds.
  path: Assets/Prefabs/EnemyWalking.prefab
  artifactKey: Guid(939d823c108331649867010b7d200538) Importer(815301076,1909f56bfc062723c751e8b465ee728b)
Start importing Assets/Prefabs/EnemyWalking.prefab using Guid(939d823c108331649867010b7d200538) Importer(815301076,1909f56bfc062723c751e8b465ee728b)  -> (artifact id: 'd67521f5bbe73595f9616004c262a87f') in 0.539614 seconds
  Import took 0.586894 seconds .

========================================================================
Received Import Request.
  Time since last request: 0.000744 seconds.
  path: Assets/Prefabs/FlyingEnemy.prefab
  artifactKey: Guid(7412088fb18c5fc468866db459cb8e01) Importer(815301076,1909f56bfc062723c751e8b465ee728b)
Start importing Assets/Prefabs/FlyingEnemy.prefab using Guid(7412088fb18c5fc468866db459cb8e01) Importer(815301076,1909f56bfc062723c751e8b465ee728b)  -> (artifact id: 'bbbe9bb0aaeb499cd7eb15da43b9ae30') in 0.203937 seconds
  Import took 0.233440 seconds .

========================================================================
Received Prepare
Registering precompiled user dll's ...
Registered in 0.002195 seconds.
Begin MonoManager ReloadAssembly
Native extension for WindowsStandalone target not found
Native extension for WebGL target not found
Refreshing native plugins compatible for Editor in 0.68 ms, found 0 plugins.
Preloading 0 native plugins for Editor in 0.00 ms.
Invoked RoslynAnalysisRunner static constructor.
RoslynAnalysisRunner will not be running.
RoslynAnalysisRunner has terminated.
Mono: successfully reloaded assembly
- Completed reload, in  2.279 seconds
Platform modules already initialized, skipping
Switching build target platform(5) subTarget(0) extendedPlatform(0) -> platform(13) subTarget(537395200) extendedPlatform(0)
Shader 'Universal Render Pipeline/Particles/Lit': fallback shader 'Universal Render Pipeline/Particles/SimpleLit' not found
Shader 'Universal Render Pipeline/Particles/Lit': fallback shader 'Universal Render Pipeline/Particles/SimpleLit' not found
Refreshing native plugins compatible for Editor in 0.61 ms, found 0 plugins.
Preloading 0 native plugins for Editor in 0.00 ms.
Unloading 2713 Unused Serialized files (Serialized files now loaded: 0)
System memory in use before: 126.3 MB.
System memory in use after: 124.2 MB.

Unloading 41 unused Assets to reduce memory usage. Loaded Objects now: 3364.
Total: 6.109566 ms (FindLiveObjects: 0.358812 ms CreateObjectMapping: 0.174265 ms MarkObjects: 3.265289 ms  DeleteObjects: 2.309658 ms)

AssetImportParameters requested are different than current active one (requested -> active):
  custom:graphics/normal-map-encoding: 01000000000000000000000000000000 -> 02000000000000000000000000000000
========================================================================
Received Prepare
Registering precompiled user dll's ...
Registered in 0.001801 seconds.
Begin MonoManager ReloadAssembly
Native extension for WindowsStandalone target not found
Native extension for WebGL target not found
Refreshing native plugins compatible for Editor in 0.63 ms, found 0 plugins.
Preloading 0 native plugins for Editor in 0.00 ms.
Invoked RoslynAnalysisRunner static constructor.
RoslynAnalysisRunner will not be running.
RoslynAnalysisRunner has terminated.
Mono: successfully reloaded assembly
- Completed reload, in  1.719 seconds
Platform modules already initialized, skipping
Switching build target platform(5) subTarget(0) extendedPlatform(0) -> platform(13) subTarget(537395200) extendedPlatform(0)
Shader 'Universal Render Pipeline/Particles/Lit': fallback shader 'Universal Render Pipeline/Particles/SimpleLit' not found
Shader 'Universal Render Pipeline/Particles/Lit': fallback shader 'Universal Render Pipeline/Particles/SimpleLit' not found
Refreshing native plugins compatible for Editor in 0.63 ms, found 0 plugins.
Preloading 0 native plugins for Editor in 0.00 ms.
Unloading 2713 Unused Serialized files (Serialized files now loaded: 0)
System memory in use before: 126.4 MB.
System memory in use after: 124.2 MB.

Unloading 40 unused Assets to reduce memory usage. Loaded Objects now: 3366.
Total: 9.725442 ms (FindLiveObjects: 0.508402 ms CreateObjectMapping: 0.272450 ms MarkObjects: 4.953966 ms  DeleteObjects: 3.988053 ms)

AssetImportParameters requested are different than current active one (requested -> active):
  custom:graphics/normal-map-encoding: 01000000000000000000000000000000 -> 02000000000000000000000000000000
========================================================================
Received Import Request.
  Time since last request: 303.359271 seconds.
  path: Assets/Prefabs/EnemyWalking.prefab
  artifactKey: Guid(939d823c108331649867010b7d200538) Importer(815301076,1909f56bfc062723c751e8b465ee728b)
Start importing Assets/Prefabs/EnemyWalking.prefab using Guid(939d823c108331649867010b7d200538) Importer(815301076,1909f56bfc062723c751e8b465ee728b)  -> (artifact id: '9dda64c728988b52d36ded8116201ee2') in 0.603869 seconds
  Import took 0.637945 seconds .

========================================================================
Received Import Request.
  Time since last request: 1.400222 seconds.
  path: Assets/Prefabs/EnemyWalking.prefab
  artifactKey: Guid(939d823c108331649867010b7d200538) Importer(815301076,1909f56bfc062723c751e8b465ee728b)
Start importing Assets/Prefabs/EnemyWalking.prefab using Guid(939d823c108331649867010b7d200538) Importer(815301076,1909f56bfc062723c751e8b465ee728b)  -> (artifact id: '85af7c4033826e8f2781401723793bd3') in 0.221054 seconds
  Import took 0.258245 seconds .

========================================================================
Received Import Request.
  Time since last request: 9.308963 seconds.
  path: Assets/Prefabs/EnemyWalking.prefab
  artifactKey: Guid(939d823c108331649867010b7d200538) Importer(815301076,1909f56bfc062723c751e8b465ee728b)
Start importing Assets/Prefabs/EnemyWalking.prefab using Guid(939d823c108331649867010b7d200538) Importer(815301076,1909f56bfc062723c751e8b465ee728b)  -> (artifact id: '60149ffc8a527b31a6246e68e0f1a659') in 0.266116 seconds
  Import took 0.329468 seconds .

========================================================================
Received Import Request.
  Time since last request: 1.790425 seconds.
  path: Assets/Prefabs/EnemyWalking.prefab
  artifactKey: Guid(939d823c108331649867010b7d200538) Importer(815301076,1909f56bfc062723c751e8b465ee728b)
Start importing Assets/Prefabs/EnemyWalking.prefab using Guid(939d823c108331649867010b7d200538) Importer(815301076,1909f56bfc062723c751e8b465ee728b)  -> (artifact id: '213f132ea80d9544dbae5beb4a890595') in 0.467589 seconds
  Import took 0.522355 seconds .

========================================================================
Received Import Request.
  Time since last request: 16.476967 seconds.
  path: Assets/Prefabs/EnemyWalking.prefab
  artifactKey: Guid(939d823c108331649867010b7d200538) Importer(815301076,1909f56bfc062723c751e8b465ee728b)
Start importing Assets/Prefabs/EnemyWalking.prefab using Guid(939d823c108331649867010b7d200538) Importer(815301076,1909f56bfc062723c751e8b465ee728b)  -> (artifact id: '6133aafe58c02d417abd437709f2ae91') in 0.257679 seconds
  Import took 0.299721 seconds .

========================================================================
Received Import Request.
  Time since last request: 7.275921 seconds.
  path: Assets/Prefabs/Player.prefab
  artifactKey: Guid(90aa6a4a00a403c4eaa39fd9cfed45d0) Importer(815301076,1909f56bfc062723c751e8b465ee728b)
Start importing Assets/Prefabs/Player.prefab using Guid(90aa6a4a00a403c4eaa39fd9cfed45d0) Importer(815301076,1909f56bfc062723c751e8b465ee728b)  -> (artifact id: '7956e6ad3519b123bc338de899ba6814') in 0.754126 seconds
  Import took 0.836586 seconds .

========================================================================
Received Import Request.
  Time since last request: 44.565097 seconds.
  path: Assets/Prefabs/EnemyWalking.prefab
  artifactKey: Guid(939d823c108331649867010b7d200538) Importer(815301076,1909f56bfc062723c751e8b465ee728b)
Start importing Assets/Prefabs/EnemyWalking.prefab using Guid(939d823c108331649867010b7d200538) Importer(815301076,1909f56bfc062723c751e8b465ee728b)  -> (artifact id: '316b91b34c36c4f1fbc431cb1dc59a32') in 0.272279 seconds
  Import took 0.320916 seconds .

========================================================================
Received Import Request.
  Time since last request: 8.121652 seconds.
  path: Assets/Prefabs/HealthBar.prefab
  artifactKey: Guid(56412d1a8512b644eb2b2a980977ab4f) Importer(815301076,1909f56bfc062723c751e8b465ee728b)
Start importing Assets/Prefabs/HealthBar.prefab using Guid(56412d1a8512b644eb2b2a980977ab4f) Importer(815301076,1909f56bfc062723c751e8b465ee728b)  -> (artifact id: '45aef57f5196309a2acffc927f0efa13') in 0.131555 seconds
  Import took 0.165893 seconds .

========================================================================
Received Import Request.
  Time since last request: 0.000770 seconds.
  path: Assets/Prefabs/EnemyWalking.prefab
  artifactKey: Guid(939d823c108331649867010b7d200538) Importer(815301076,1909f56bfc062723c751e8b465ee728b)
Start importing Assets/Prefabs/EnemyWalking.prefab using Guid(939d823c108331649867010b7d200538) Importer(815301076,1909f56bfc062723c751e8b465ee728b)  -> (artifact id: 'a57258a54eb11dccb0a90127716d1259') in 0.207136 seconds
  Import took 0.244621 seconds .

========================================================================
Received Import Request.
  Time since last request: 10.751874 seconds.
  path: Assets/Prefabs/FlyingEnemy.prefab
  artifactKey: Guid(7412088fb18c5fc468866db459cb8e01) Importer(815301076,1909f56bfc062723c751e8b465ee728b)
Start importing Assets/Prefabs/FlyingEnemy.prefab using Guid(7412088fb18c5fc468866db459cb8e01) Importer(815301076,1909f56bfc062723c751e8b465ee728b)  -> (artifact id: '03620d47a9a354cea13f44cf84151196') in 0.279188 seconds
  Import took 0.315046 seconds .

========================================================================
Received Import Request.
  Time since last request: 10.296717 seconds.
  path: Assets/Prefabs/FlyingEnemy.prefab
  artifactKey: Guid(7412088fb18c5fc468866db459cb8e01) Importer(815301076,1909f56bfc062723c751e8b465ee728b)
Start importing Assets/Prefabs/FlyingEnemy.prefab using Guid(7412088fb18c5fc468866db459cb8e01) Importer(815301076,1909f56bfc062723c751e8b465ee728b)  -> (artifact id: 'a13cadb12459730c6830f726e56fa5a6') in 0.224366 seconds
  Import took 0.269829 seconds .

========================================================================
Received Import Request.
  Time since last request: 2.763072 seconds.
  path: Assets/Prefabs/FlyingEnemy.prefab
  artifactKey: Guid(7412088fb18c5fc468866db459cb8e01) Importer(815301076,1909f56bfc062723c751e8b465ee728b)
Start importing Assets/Prefabs/FlyingEnemy.prefab using Guid(7412088fb18c5fc468866db459cb8e01) Importer(815301076,1909f56bfc062723c751e8b465ee728b)  -> (artifact id: '4e3603d02e48567fe2c7c1671d0ab096') in 0.258020 seconds
  Import took 0.299909 seconds .

========================================================================
Received Import Request.
  Time since last request: 2.299799 seconds.
  path: Assets/Prefabs/FlyingEnemy.prefab
  artifactKey: Guid(7412088fb18c5fc468866db459cb8e01) Importer(815301076,1909f56bfc062723c751e8b465ee728b)
Start importing Assets/Prefabs/FlyingEnemy.prefab using Guid(7412088fb18c5fc468866db459cb8e01) Importer(815301076,1909f56bfc062723c751e8b465ee728b)  -> (artifact id: '79bc57c6b88d7ea060c74ba43447870e') in 0.275905 seconds
  Import took 0.315077 seconds .

========================================================================
Received Prepare
Registering precompiled user dll's ...
Registered in 0.002335 seconds.
Begin MonoManager ReloadAssembly
Native extension for WindowsStandalone target not found
Native extension for WebGL target not found
Refreshing native plugins compatible for Editor in 0.69 ms, found 0 plugins.
Preloading 0 native plugins for Editor in 0.00 ms.
Invoked RoslynAnalysisRunner static constructor.
RoslynAnalysisRunner will not be running.
RoslynAnalysisRunner has terminated.
Mono: successfully reloaded assembly
- Completed reload, in  1.870 seconds
Platform modules already initialized, skipping
Switching build target platform(5) subTarget(0) extendedPlatform(0) -> platform(13) subTarget(537395200) extendedPlatform(0)
Shader 'Universal Render Pipeline/Particles/Lit': fallback shader 'Universal Render Pipeline/Particles/SimpleLit' not found
Shader 'Universal Render Pipeline/Particles/Lit': fallback shader 'Universal Render Pipeline/Particles/SimpleLit' not found
Refreshing native plugins compatible for Editor in 0.65 ms, found 0 plugins.
Preloading 0 native plugins for Editor in 0.00 ms.
Unloading 2713 Unused Serialized files (Serialized files now loaded: 0)
System memory in use before: 126.5 MB.
System memory in use after: 124.4 MB.

Unloading 41 unused Assets to reduce memory usage. Loaded Objects now: 3404.
Total: 6.480201 ms (FindLiveObjects: 0.455968 ms CreateObjectMapping: 0.239551 ms MarkObjects: 3.515635 ms  DeleteObjects: 2.266477 ms)

AssetImportParameters requested are different than current active one (requested -> active):
  custom:graphics/normal-map-encoding: 01000000000000000000000000000000 -> 02000000000000000000000000000000
========================================================================
Received Import Request.
  Time since last request: 22.611357 seconds.
  path: Assets/Prefabs/FlyingEnemy.prefab
  artifactKey: Guid(7412088fb18c5fc468866db459cb8e01) Importer(815301076,1909f56bfc062723c751e8b465ee728b)
Start importing Assets/Prefabs/FlyingEnemy.prefab using Guid(7412088fb18c5fc468866db459cb8e01) Importer(815301076,1909f56bfc062723c751e8b465ee728b)  -> (artifact id: '0cdd4f4fb5ea61abaee413b1fd2e8df7') in 0.567937 seconds
  Import took 0.593411 seconds .

========================================================================
Received Import Request.
  Time since last request: 4.276471 seconds.
  path: Assets/Prefabs/FlyingEnemy.prefab
  artifactKey: Guid(7412088fb18c5fc468866db459cb8e01) Importer(815301076,1909f56bfc062723c751e8b465ee728b)
Start importing Assets/Prefabs/FlyingEnemy.prefab using Guid(7412088fb18c5fc468866db459cb8e01) Importer(815301076,1909f56bfc062723c751e8b465ee728b)  -> (artifact id: '0cdd4f4fb5ea61abaee413b1fd2e8df7') in 0.264672 seconds
  Import took 0.272482 seconds .

========================================================================
Received Prepare
Registering precompiled user dll's ...
Registered in 0.001981 seconds.
Begin MonoManager ReloadAssembly
Native extension for WindowsStandalone target not found
Native extension for WebGL target not found
Refreshing native plugins compatible for Editor in 0.64 ms, found 0 plugins.
Preloading 0 native plugins for Editor in 0.00 ms.
Invoked RoslynAnalysisRunner static constructor.
RoslynAnalysisRunner will not be running.
RoslynAnalysisRunner has terminated.
Mono: successfully reloaded assembly
- Completed reload, in  2.590 seconds
Platform modules already initialized, skipping
Switching build target platform(5) subTarget(0) extendedPlatform(0) -> platform(13) subTarget(537395200) extendedPlatform(0)
Shader 'Universal Render Pipeline/Particles/Lit': fallback shader 'Universal Render Pipeline/Particles/SimpleLit' not found
Shader 'Universal Render Pipeline/Particles/Lit': fallback shader 'Universal Render Pipeline/Particles/SimpleLit' not found
Refreshing native plugins compatible for Editor in 0.62 ms, found 0 plugins.
Preloading 0 native plugins for Editor in 0.00 ms.
Unloading 2713 Unused Serialized files (Serialized files now loaded: 0)
System memory in use before: 126.7 MB.
System memory in use after: 124.5 MB.

Unloading 41 unused Assets to reduce memory usage. Loaded Objects now: 3442.
Total: 6.627221 ms (FindLiveObjects: 0.474989 ms CreateObjectMapping: 0.377318 ms MarkObjects: 3.435442 ms  DeleteObjects: 2.337417 ms)

AssetImportParameters requested are different than current active one (requested -> active):
  custom:graphics/normal-map-encoding: 01000000000000000000000000000000 -> 02000000000000000000000000000000
========================================================================
Received Prepare
Shader 'Universal Render Pipeline/Particles/Lit': fallback shader 'Universal Render Pipeline/Particles/SimpleLit' not found
Shader 'Universal Render Pipeline/Particles/Lit': fallback shader 'Universal Render Pipeline/Particles/SimpleLit' not found
Refreshing native plugins compatible for Editor in 68.50 ms, found 0 plugins.
Preloading 0 native plugins for Editor in 0.00 ms.
Unloading 38 Unused Serialized files (Serialized files now loaded: 0)
System memory in use before: 74.2 MB.
System memory in use after: 72.0 MB.

Unloading 38 unused Assets to reduce memory usage. Loaded Objects now: 3442.
Total: 8.511754 ms (FindLiveObjects: 0.563920 ms CreateObjectMapping: 0.431808 ms MarkObjects: 4.716986 ms  DeleteObjects: 2.796469 ms)

